<?xml version="1.0" encoding="UTF-8"?>
<!-- Generated by org.testng.reporters.JUnitXMLReporter -->
<testsuite hostname="DESKTOP-SQDCUHU" ignored="0" name="ChromeTestCase" tests="11" failures="1" timestamp="07 Aug 2019 00:57:14 GMT" time="140.696" errors="0">
  <testcase name="Open_Browser_Testcase1" time="8.565" classname="dressTestNG.MainDress"/>
  <testcase name="dresstab" time="3.573" classname="dressTestNG.DressesTab"/>
  <testcase name="firstDr" time="6.71" classname="dressTestNG.FirstDress"/>
  <testcase name="secondDr" time="4.324" classname="dressTestNG.SecondDress"/>
  <testcase name="thirdDr" time="18.053" classname="dressTestNG.ThirdDress"/>
  <testcase name="fourthDr" time="35.817" classname="dressTestNG.FourthDress"/>
  <testcase name="chiffonDr" time="23.562" classname="dressTestNG.ChiffonDress"/>
  <testcase name="contcUs" time="6.333" classname="dressTestNG.ContactUs"/>
  <testcase name="cartshCost" time="9.808" classname="dressTestNG.CartshopCost">
    <failure type="org.openqa.selenium.NoSuchElementException" message="no such element: Unable to locate element: {&amp;quot;method&amp;quot;:&amp;quot;xpath&amp;quot;,&amp;quot;selector&amp;quot;:&amp;quot;//*[@id=&amp;quot;product_6_31_0_198772&amp;quot;]/td[2]/p/a&amp;quot;}
  (Session info: chrome=76.0.3809.100)
For documentation on this error, please visit: https://www.seleniumhq.org/exceptions/no_such_element.html
Build info: version: &amp;apos;3.141.59&amp;apos;, revision: &amp;apos;e82be7d358&amp;apos;, time: &amp;apos;2018-11-14T08:25:53&amp;apos;
System info: host: &amp;apos;DESKTOP-SQDCUHU&amp;apos;, ip: &amp;apos;10.0.0.140&amp;apos;, os.name: &amp;apos;Windows 10&amp;apos;, os.arch: &amp;apos;amd64&amp;apos;, os.version: &amp;apos;10.0&amp;apos;, java.version: &amp;apos;1.8.0_201&amp;apos;
Driver info: org.openqa.selenium.chrome.ChromeDriver
Capabilities {acceptInsecureCerts: false, browserName: chrome, browserVersion: 76.0.3809.100, chrome: {chromedriverVersion: 76.0.3809.68 (420c9498db8ce..., userDataDir: C:\Users\HP\AppData\Local\T...}, goog:chromeOptions: {debuggerAddress: localhost:54534}, javascriptEnabled: true, networkConnectionEnabled: false, pageLoadStrategy: normal, platform: XP, platformName: XP, proxy: Proxy(), setWindowRect: true, strictFileInteractability: false, timeouts: {implicit: 0, pageLoad: 300000, script: 30000}, unhandledPromptBehavior: dismiss and notify}
Session ID: 5924142cd4c5451566af2762d6d504aa
*** Element info: {Using=xpath, value=//*[@id=&amp;quot;product_6_31_0_198772&amp;quot;]/td[2]/p/a}">
      <![CDATA[org.openqa.selenium.NoSuchElementException: no such element: Unable to locate element: {"method":"xpath","selector":"//*[@id="product_6_31_0_198772"]/td[2]/p/a"}
  (Session info: chrome=76.0.3809.100)
For documentation on this error, please visit: https://www.seleniumhq.org/exceptions/no_such_element.html
Build info: version: '3.141.59', revision: 'e82be7d358', time: '2018-11-14T08:25:53'
System info: host: 'DESKTOP-SQDCUHU', ip: '10.0.0.140', os.name: 'Windows 10', os.arch: 'amd64', os.version: '10.0', java.version: '1.8.0_201'
Driver info: org.openqa.selenium.chrome.ChromeDriver
Capabilities {acceptInsecureCerts: false, browserName: chrome, browserVersion: 76.0.3809.100, chrome: {chromedriverVersion: 76.0.3809.68 (420c9498db8ce..., userDataDir: C:\Users\HP\AppData\Local\T...}, goog:chromeOptions: {debuggerAddress: localhost:54534}, javascriptEnabled: true, networkConnectionEnabled: false, pageLoadStrategy: normal, platform: XP, platformName: XP, proxy: Proxy(), setWindowRect: true, strictFileInteractability: false, timeouts: {implicit: 0, pageLoad: 300000, script: 30000}, unhandledPromptBehavior: dismiss and notify}
Session ID: 5924142cd4c5451566af2762d6d504aa
*** Element info: {Using=xpath, value=//*[@id="product_6_31_0_198772"]/td[2]/p/a}
at org.openqa.selenium.remote.http.W3CHttpResponseCodec.createException(W3CHttpResponseCodec.java:187)
at org.openqa.selenium.remote.http.W3CHttpResponseCodec.decode(W3CHttpResponseCodec.java:122)
at org.openqa.selenium.remote.http.W3CHttpResponseCodec.decode(W3CHttpResponseCodec.java:49)
at org.openqa.selenium.remote.HttpCommandExecutor.execute(HttpCommandExecutor.java:158)
at org.openqa.selenium.remote.service.DriverCommandExecutor.execute(DriverCommandExecutor.java:83)
at org.openqa.selenium.remote.RemoteWebDriver.execute(RemoteWebDriver.java:552)
at org.openqa.selenium.remote.RemoteWebDriver.findElement(RemoteWebDriver.java:323)
at org.openqa.selenium.remote.RemoteWebDriver.findElementByXPath(RemoteWebDriver.java:428)
at org.openqa.selenium.By$ByXPath.findElement(By.java:353)
at org.openqa.selenium.remote.RemoteWebDriver.findElement(RemoteWebDriver.java:315)
at dressTestNG.CartshopCost.cartshCost(CartshopCost.java:45)
... Removed 29 stack frames]]>
    </failure>
  </testcase> <!-- cartshCost -->
  <testcase name="sigIn" time="22.955" classname="dressTestNG.SignIn"/>
  <testcase name="closeBrws" time="0.91" classname="dressTestNG.CloseBrowser"/>
</testsuite> <!-- ChromeTestCase -->
