<?xml version="1.0" encoding="UTF-8"?>
<!-- Generated by org.testng.reporters.JUnitXMLReporter -->
<testsuite hostname="DESKTOP-SQDCUHU" ignored="0" name="FirefoxTestCase" tests="11" failures="1" timestamp="07 Aug 2019 00:59:50 GMT" time="156.318" errors="0">
  <testcase name="Open_Browser_Testcase1" time="8.487" classname="dressTestNG.MainDress"/>
  <testcase name="dresstab" time="3.621" classname="dressTestNG.DressesTab"/>
  <testcase name="firstDr" time="6.917" classname="dressTestNG.FirstDress"/>
  <testcase name="secondDr" time="4.636" classname="dressTestNG.SecondDress"/>
  <testcase name="thirdDr" time="18.715" classname="dressTestNG.ThirdDress"/>
  <testcase name="fourthDr" time="35.931" classname="dressTestNG.FourthDress"/>
  <testcase name="chiffonDr" time="24.437" classname="dressTestNG.ChiffonDress"/>
  <testcase name="contcUs" time="9.088" classname="dressTestNG.ContactUs"/>
  <testcase name="cartshCost" time="14.401" classname="dressTestNG.CartshopCost">
    <failure type="org.openqa.selenium.NoSuchElementException" message="Unable to locate element: //*[@id=&amp;quot;product_6_31_0_198772&amp;quot;]/td[2]/p/a
For documentation on this error, please visit: https://www.seleniumhq.org/exceptions/no_such_element.html
Build info: version: &amp;apos;3.141.59&amp;apos;, revision: &amp;apos;e82be7d358&amp;apos;, time: &amp;apos;2018-11-14T08:25:53&amp;apos;
System info: host: &amp;apos;DESKTOP-SQDCUHU&amp;apos;, ip: &amp;apos;10.0.0.140&amp;apos;, os.name: &amp;apos;Windows 10&amp;apos;, os.arch: &amp;apos;amd64&amp;apos;, os.version: &amp;apos;10.0&amp;apos;, java.version: &amp;apos;1.8.0_201&amp;apos;
Driver info: org.openqa.selenium.firefox.FirefoxDriver
Capabilities {acceptInsecureCerts: true, browserName: firefox, browserVersion: 68.0.1, javascriptEnabled: true, moz:accessibilityChecks: false, moz:buildID: 20190717172542, moz:geckodriverVersion: 0.24.0, moz:headless: false, moz:processID: 8916, moz:profile: C:\Users\HP\AppData\Local\T..., moz:shutdownTimeout: 60000, moz:useNonSpecCompliantPointerOrigin: false, moz:webdriverClick: true, pageLoadStrategy: normal, platform: WINDOWS, platformName: WINDOWS, platformVersion: 10.0, rotatable: false, setWindowRect: true, strictFileInteractability: false, timeouts: {implicit: 0, pageLoad: 300000, script: 30000}, unhandledPromptBehavior: dismiss and notify}
Session ID: 1226f034-6752-4c1a-8041-60edf5cab11a
*** Element info: {Using=xpath, value=//*[@id=&amp;quot;product_6_31_0_198772&amp;quot;]/td[2]/p/a}">
      <![CDATA[org.openqa.selenium.NoSuchElementException: Unable to locate element: //*[@id="product_6_31_0_198772"]/td[2]/p/a
For documentation on this error, please visit: https://www.seleniumhq.org/exceptions/no_such_element.html
Build info: version: '3.141.59', revision: 'e82be7d358', time: '2018-11-14T08:25:53'
System info: host: 'DESKTOP-SQDCUHU', ip: '10.0.0.140', os.name: 'Windows 10', os.arch: 'amd64', os.version: '10.0', java.version: '1.8.0_201'
Driver info: org.openqa.selenium.firefox.FirefoxDriver
Capabilities {acceptInsecureCerts: true, browserName: firefox, browserVersion: 68.0.1, javascriptEnabled: true, moz:accessibilityChecks: false, moz:buildID: 20190717172542, moz:geckodriverVersion: 0.24.0, moz:headless: false, moz:processID: 8916, moz:profile: C:\Users\HP\AppData\Local\T..., moz:shutdownTimeout: 60000, moz:useNonSpecCompliantPointerOrigin: false, moz:webdriverClick: true, pageLoadStrategy: normal, platform: WINDOWS, platformName: WINDOWS, platformVersion: 10.0, rotatable: false, setWindowRect: true, strictFileInteractability: false, timeouts: {implicit: 0, pageLoad: 300000, script: 30000}, unhandledPromptBehavior: dismiss and notify}
Session ID: 1226f034-6752-4c1a-8041-60edf5cab11a
*** Element info: {Using=xpath, value=//*[@id="product_6_31_0_198772"]/td[2]/p/a}
at org.openqa.selenium.remote.http.W3CHttpResponseCodec.createException(W3CHttpResponseCodec.java:187)
at org.openqa.selenium.remote.http.W3CHttpResponseCodec.decode(W3CHttpResponseCodec.java:122)
at org.openqa.selenium.remote.http.W3CHttpResponseCodec.decode(W3CHttpResponseCodec.java:49)
at org.openqa.selenium.remote.HttpCommandExecutor.execute(HttpCommandExecutor.java:158)
at org.openqa.selenium.remote.service.DriverCommandExecutor.execute(DriverCommandExecutor.java:83)
at org.openqa.selenium.remote.RemoteWebDriver.execute(RemoteWebDriver.java:552)
at org.openqa.selenium.remote.RemoteWebDriver.findElement(RemoteWebDriver.java:323)
at org.openqa.selenium.remote.RemoteWebDriver.findElementByXPath(RemoteWebDriver.java:428)
at org.openqa.selenium.By$ByXPath.findElement(By.java:353)
at org.openqa.selenium.remote.RemoteWebDriver.findElement(RemoteWebDriver.java:315)
at dressTestNG.CartshopCost.cartshCost(CartshopCost.java:45)
... Removed 29 stack frames]]>
    </failure>
  </testcase> <!-- cartshCost -->
  <testcase name="sigIn" time="27.386" classname="dressTestNG.SignIn"/>
  <testcase name="closeBrws" time="2.668" classname="dressTestNG.CloseBrowser"/>
</testsuite> <!-- FirefoxTestCase -->
