<!DOCTYPE html PUBLIC "-//W3C//DTD XHTML 1.1//EN" "http://www.w3.org/TR/xhtml11/DTD/xhtml11.dtd">
<html xmlns="http://www.w3.org/1999/xhtml">
<head>
<meta http-equiv="content-type" content="text/html; charset=UTF-8"/>
<title>TestNG Report</title>
<style type="text/css">table {margin-bottom:10px;border-collapse:collapse;empty-cells:show}th,td {border:1px solid #009;padding:.25em .5em}th {vertical-align:bottom}td {vertical-align:top}table a {font-weight:bold}.stripe td {background-color: #E6EBF9}.num {text-align:right}.passedodd td {background-color: #3F3}.passedeven td {background-color: #0A0}.skippedodd td {background-color: #DDD}.skippedeven td {background-color: #CCC}.failedodd td,.attn {background-color: #F33}.failedeven td,.stripe .attn {background-color: #D00}.stacktrace {white-space:pre;font-family:monospace}.totop {font-size:85%;text-align:center;border-bottom:2px solid #000}.invisible {display:none}</style>
</head>
<body>
<table>
<tr><th>Test</th><th># Passed</th><th># Skipped</th><th># Failed</th><th>Time (ms)</th><th>Included Groups</th><th>Excluded Groups</th></tr>
<tr><th colspan="7">Suite</th></tr>
<tr><td><a href="#t0">ChromeTestCase</a></td><td class="num">10</td><td class="num">0</td><td class="num attn">1</td><td class="num">140,696</td><td></td><td></td></tr>
<tr class="stripe"><td><a href="#t1">FirefoxTestCase</a></td><td class="num">10</td><td class="num">0</td><td class="num attn">1</td><td class="num">156,318</td><td></td><td></td></tr>
<tr><th>Total</th><th class="num">20</th><th class="num">0</th><th class="num attn">2</th><th class="num">297,014</th><th colspan="2"></th></tr>
</table>
<table id='summary'><thead><tr><th>Class</th><th>Method</th><th>Start</th><th>Time (ms)</th></tr></thead><tbody><tr><th colspan="4">Suite</th></tr></tbody><tbody id="t0"><tr><th colspan="4">ChromeTestCase &#8212; failed</th></tr><tr class="failedeven"><td rowspan="1">dressTestNG.CartshopCost</td><td><a href="#m0">cartshCost</a></td><td rowspan="1">1565139400575</td><td rowspan="1">9808</td></tr><tr><th colspan="4">ChromeTestCase &#8212; passed</th></tr><tr class="passedeven"><td rowspan="1">dressTestNG.ChiffonDress</td><td><a href="#m1">chiffonDr</a></td><td rowspan="1">1565139370670</td><td rowspan="1">23562</td></tr><tr class="passedodd"><td rowspan="1">dressTestNG.CloseBrowser</td><td><a href="#m2">closeBrws</a></td><td rowspan="1">1565139433345</td><td rowspan="1">910</td></tr><tr class="passedeven"><td rowspan="1">dressTestNG.ContactUs</td><td><a href="#m3">contcUs</a></td><td rowspan="1">1565139394236</td><td rowspan="1">6333</td></tr><tr class="passedodd"><td rowspan="1">dressTestNG.DressesTab</td><td><a href="#m4">dresstab</a></td><td rowspan="1">1565139302164</td><td rowspan="1">3573</td></tr><tr class="passedeven"><td rowspan="1">dressTestNG.FirstDress</td><td><a href="#m5">firstDr</a></td><td rowspan="1">1565139305741</td><td rowspan="1">6710</td></tr><tr class="passedodd"><td rowspan="1">dressTestNG.FourthDress</td><td><a href="#m6">fourthDr</a></td><td rowspan="1">1565139334850</td><td rowspan="1">35817</td></tr><tr class="passedeven"><td rowspan="1">dressTestNG.MainDress</td><td><a href="#m7">Open_Browser_Testcase1</a></td><td rowspan="1">1565139293594</td><td rowspan="1">8565</td></tr><tr class="passedodd"><td rowspan="1">dressTestNG.SecondDress</td><td><a href="#m8">secondDr</a></td><td rowspan="1">1565139312460</td><td rowspan="1">4324</td></tr><tr class="passedeven"><td rowspan="1">dressTestNG.SignIn</td><td><a href="#m9">sigIn</a></td><td rowspan="1">1565139410388</td><td rowspan="1">22955</td></tr><tr class="passedodd"><td rowspan="1">dressTestNG.ThirdDress</td><td><a href="#m10">thirdDr</a></td><td rowspan="1">1565139316793</td><td rowspan="1">18053</td></tr></tbody>
<tbody id="t1"><tr><th colspan="4">FirefoxTestCase &#8212; failed</th></tr><tr class="failedeven"><td rowspan="1">dressTestNG.CartshopCost</td><td><a href="#m11">cartshCost</a></td><td rowspan="1">1565139546205</td><td rowspan="1">14401</td></tr><tr><th colspan="4">FirefoxTestCase &#8212; passed</th></tr><tr class="passedeven"><td rowspan="1">dressTestNG.ChiffonDress</td><td><a href="#m12">chiffonDr</a></td><td rowspan="1">1565139512675</td><td rowspan="1">24437</td></tr><tr class="passedodd"><td rowspan="1">dressTestNG.CloseBrowser</td><td><a href="#m13">closeBrws</a></td><td rowspan="1">1565139587997</td><td rowspan="1">2668</td></tr><tr class="passedeven"><td rowspan="1">dressTestNG.ContactUs</td><td><a href="#m14">contcUs</a></td><td rowspan="1">1565139537116</td><td rowspan="1">9088</td></tr><tr class="passedodd"><td rowspan="1">dressTestNG.DressesTab</td><td><a href="#m15">dresstab</a></td><td rowspan="1">1565139442841</td><td rowspan="1">3621</td></tr><tr class="passedeven"><td rowspan="1">dressTestNG.FirstDress</td><td><a href="#m16">firstDr</a></td><td rowspan="1">1565139446465</td><td rowspan="1">6917</td></tr><tr class="passedodd"><td rowspan="1">dressTestNG.FourthDress</td><td><a href="#m17">fourthDr</a></td><td rowspan="1">1565139476742</td><td rowspan="1">35931</td></tr><tr class="passedeven"><td rowspan="1">dressTestNG.MainDress</td><td><a href="#m18">Open_Browser_Testcase1</a></td><td rowspan="1">1565139434351</td><td rowspan="1">8487</td></tr><tr class="passedodd"><td rowspan="1">dressTestNG.SecondDress</td><td><a href="#m19">secondDr</a></td><td rowspan="1">1565139453384</td><td rowspan="1">4636</td></tr><tr class="passedeven"><td rowspan="1">dressTestNG.SignIn</td><td><a href="#m20">sigIn</a></td><td rowspan="1">1565139560608</td><td rowspan="1">27386</td></tr><tr class="passedodd"><td rowspan="1">dressTestNG.ThirdDress</td><td><a href="#m21">thirdDr</a></td><td rowspan="1">1565139458025</td><td rowspan="1">18715</td></tr></tbody>
</table>
<h2>ChromeTestCase</h2><h3 id="m0">dressTestNG.CartshopCost#cartshCost</h3><table class="result"><tr><th>Exception</th></tr><tr><td><div class="stacktrace">org.openqa.selenium.NoSuchElementException: no such element: Unable to locate element: {&quot;method&quot;:&quot;xpath&quot;,&quot;selector&quot;:&quot;//*[@id=&quot;product_6_31_0_198772&quot;]/td[2]/p/a&quot;}
  (Session info: chrome=76.0.3809.100)
For documentation on this error, please visit: https://www.seleniumhq.org/exceptions/no_such_element.html
Build info: version: &apos;3.141.59&apos;, revision: &apos;e82be7d358&apos;, time: &apos;2018-11-14T08:25:53&apos;
System info: host: &apos;DESKTOP-SQDCUHU&apos;, ip: &apos;10.0.0.140&apos;, os.name: &apos;Windows 10&apos;, os.arch: &apos;amd64&apos;, os.version: &apos;10.0&apos;, java.version: &apos;1.8.0_201&apos;
Driver info: org.openqa.selenium.chrome.ChromeDriver
Capabilities {acceptInsecureCerts: false, browserName: chrome, browserVersion: 76.0.3809.100, chrome: {chromedriverVersion: 76.0.3809.68 (420c9498db8ce..., userDataDir: C:\Users\HP\AppData\Local\T...}, goog:chromeOptions: {debuggerAddress: localhost:54534}, javascriptEnabled: true, networkConnectionEnabled: false, pageLoadStrategy: normal, platform: XP, platformName: XP, proxy: Proxy(), setWindowRect: true, strictFileInteractability: false, timeouts: {implicit: 0, pageLoad: 300000, script: 30000}, unhandledPromptBehavior: dismiss and notify}
Session ID: 5924142cd4c5451566af2762d6d504aa
*** Element info: {Using=xpath, value=//*[@id=&quot;product_6_31_0_198772&quot;]/td[2]/p/a}
	at org.openqa.selenium.remote.http.W3CHttpResponseCodec.createException(W3CHttpResponseCodec.java:187)
	at org.openqa.selenium.remote.http.W3CHttpResponseCodec.decode(W3CHttpResponseCodec.java:122)
	at org.openqa.selenium.remote.http.W3CHttpResponseCodec.decode(W3CHttpResponseCodec.java:49)
	at org.openqa.selenium.remote.HttpCommandExecutor.execute(HttpCommandExecutor.java:158)
	at org.openqa.selenium.remote.service.DriverCommandExecutor.execute(DriverCommandExecutor.java:83)
	at org.openqa.selenium.remote.RemoteWebDriver.execute(RemoteWebDriver.java:552)
	at org.openqa.selenium.remote.RemoteWebDriver.findElement(RemoteWebDriver.java:323)
	at org.openqa.selenium.remote.RemoteWebDriver.findElementByXPath(RemoteWebDriver.java:428)
	at org.openqa.selenium.By$ByXPath.findElement(By.java:353)
	at org.openqa.selenium.remote.RemoteWebDriver.findElement(RemoteWebDriver.java:315)
	at dressTestNG.CartshopCost.cartshCost(CartshopCost.java:45)
... Removed 29 stack frames</div></td></tr></table><p class="totop"><a href="#summary">back to summary</a></p>
<h3 id="m1">dressTestNG.ChiffonDress#chiffonDr</h3><table class="result"><tr><th class="invisible"/></tr></table><p class="totop"><a href="#summary">back to summary</a></p>
<h3 id="m2">dressTestNG.CloseBrowser#closeBrws</h3><table class="result"><tr><th class="invisible"/></tr></table><p class="totop"><a href="#summary">back to summary</a></p>
<h3 id="m3">dressTestNG.ContactUs#contcUs</h3><table class="result"><tr><th class="invisible"/></tr></table><p class="totop"><a href="#summary">back to summary</a></p>
<h3 id="m4">dressTestNG.DressesTab#dresstab</h3><table class="result"><tr><th class="invisible"/></tr></table><p class="totop"><a href="#summary">back to summary</a></p>
<h3 id="m5">dressTestNG.FirstDress#firstDr</h3><table class="result"><tr><th class="invisible"/></tr></table><p class="totop"><a href="#summary">back to summary</a></p>
<h3 id="m6">dressTestNG.FourthDress#fourthDr</h3><table class="result"><tr><th class="invisible"/></tr></table><p class="totop"><a href="#summary">back to summary</a></p>
<h3 id="m7">dressTestNG.MainDress#Open_Browser_Testcase1</h3><table class="result"><tr class="param"><th>Parameter #1</th></tr><tr class="param stripe"><td>chrome</td></tr></table><p class="totop"><a href="#summary">back to summary</a></p>
<h3 id="m8">dressTestNG.SecondDress#secondDr</h3><table class="result"><tr><th class="invisible"/></tr></table><p class="totop"><a href="#summary">back to summary</a></p>
<h3 id="m9">dressTestNG.SignIn#sigIn</h3><table class="result"><tr><th class="invisible"/></tr></table><p class="totop"><a href="#summary">back to summary</a></p>
<h3 id="m10">dressTestNG.ThirdDress#thirdDr</h3><table class="result"><tr><th class="invisible"/></tr></table><p class="totop"><a href="#summary">back to summary</a></p>
<h2>FirefoxTestCase</h2><h3 id="m11">dressTestNG.CartshopCost#cartshCost</h3><table class="result"><tr><th>Exception</th></tr><tr><td><div class="stacktrace">org.openqa.selenium.NoSuchElementException: Unable to locate element: //*[@id=&quot;product_6_31_0_198772&quot;]/td[2]/p/a
For documentation on this error, please visit: https://www.seleniumhq.org/exceptions/no_such_element.html
Build info: version: &apos;3.141.59&apos;, revision: &apos;e82be7d358&apos;, time: &apos;2018-11-14T08:25:53&apos;
System info: host: &apos;DESKTOP-SQDCUHU&apos;, ip: &apos;10.0.0.140&apos;, os.name: &apos;Windows 10&apos;, os.arch: &apos;amd64&apos;, os.version: &apos;10.0&apos;, java.version: &apos;1.8.0_201&apos;
Driver info: org.openqa.selenium.firefox.FirefoxDriver
Capabilities {acceptInsecureCerts: true, browserName: firefox, browserVersion: 68.0.1, javascriptEnabled: true, moz:accessibilityChecks: false, moz:buildID: 20190717172542, moz:geckodriverVersion: 0.24.0, moz:headless: false, moz:processID: 8916, moz:profile: C:\Users\HP\AppData\Local\T..., moz:shutdownTimeout: 60000, moz:useNonSpecCompliantPointerOrigin: false, moz:webdriverClick: true, pageLoadStrategy: normal, platform: WINDOWS, platformName: WINDOWS, platformVersion: 10.0, rotatable: false, setWindowRect: true, strictFileInteractability: false, timeouts: {implicit: 0, pageLoad: 300000, script: 30000}, unhandledPromptBehavior: dismiss and notify}
Session ID: 1226f034-6752-4c1a-8041-60edf5cab11a
*** Element info: {Using=xpath, value=//*[@id=&quot;product_6_31_0_198772&quot;]/td[2]/p/a}
	at org.openqa.selenium.remote.http.W3CHttpResponseCodec.createException(W3CHttpResponseCodec.java:187)
	at org.openqa.selenium.remote.http.W3CHttpResponseCodec.decode(W3CHttpResponseCodec.java:122)
	at org.openqa.selenium.remote.http.W3CHttpResponseCodec.decode(W3CHttpResponseCodec.java:49)
	at org.openqa.selenium.remote.HttpCommandExecutor.execute(HttpCommandExecutor.java:158)
	at org.openqa.selenium.remote.service.DriverCommandExecutor.execute(DriverCommandExecutor.java:83)
	at org.openqa.selenium.remote.RemoteWebDriver.execute(RemoteWebDriver.java:552)
	at org.openqa.selenium.remote.RemoteWebDriver.findElement(RemoteWebDriver.java:323)
	at org.openqa.selenium.remote.RemoteWebDriver.findElementByXPath(RemoteWebDriver.java:428)
	at org.openqa.selenium.By$ByXPath.findElement(By.java:353)
	at org.openqa.selenium.remote.RemoteWebDriver.findElement(RemoteWebDriver.java:315)
	at dressTestNG.CartshopCost.cartshCost(CartshopCost.java:45)
... Removed 29 stack frames</div></td></tr></table><p class="totop"><a href="#summary">back to summary</a></p>
<h3 id="m12">dressTestNG.ChiffonDress#chiffonDr</h3><table class="result"><tr><th class="invisible"/></tr></table><p class="totop"><a href="#summary">back to summary</a></p>
<h3 id="m13">dressTestNG.CloseBrowser#closeBrws</h3><table class="result"><tr><th class="invisible"/></tr></table><p class="totop"><a href="#summary">back to summary</a></p>
<h3 id="m14">dressTestNG.ContactUs#contcUs</h3><table class="result"><tr><th class="invisible"/></tr></table><p class="totop"><a href="#summary">back to summary</a></p>
<h3 id="m15">dressTestNG.DressesTab#dresstab</h3><table class="result"><tr><th class="invisible"/></tr></table><p class="totop"><a href="#summary">back to summary</a></p>
<h3 id="m16">dressTestNG.FirstDress#firstDr</h3><table class="result"><tr><th class="invisible"/></tr></table><p class="totop"><a href="#summary">back to summary</a></p>
<h3 id="m17">dressTestNG.FourthDress#fourthDr</h3><table class="result"><tr><th class="invisible"/></tr></table><p class="totop"><a href="#summary">back to summary</a></p>
<h3 id="m18">dressTestNG.MainDress#Open_Browser_Testcase1</h3><table class="result"><tr class="param"><th>Parameter #1</th></tr><tr class="param stripe"><td>firefox</td></tr></table><p class="totop"><a href="#summary">back to summary</a></p>
<h3 id="m19">dressTestNG.SecondDress#secondDr</h3><table class="result"><tr><th class="invisible"/></tr></table><p class="totop"><a href="#summary">back to summary</a></p>
<h3 id="m20">dressTestNG.SignIn#sigIn</h3><table class="result"><tr><th class="invisible"/></tr></table><p class="totop"><a href="#summary">back to summary</a></p>
<h3 id="m21">dressTestNG.ThirdDress#thirdDr</h3><table class="result"><tr><th class="invisible"/></tr></table><p class="totop"><a href="#summary">back to summary</a></p>
</body>
</html>
